lerna(info)    Lerna v2.0.0-beta.15
lerna(debug)   Attempting running BootstrapCommand.initialize
lerna(debug)   Successfully ran BootstrapCommand.initialize
lerna(debug)   Attempting running BootstrapCommand.execute
lerna(info)    Linking all dependencies
lerna(error)   Errored while running BootstrapCommand.execute
    Error: Command failed: /bin/sh -c npm install babel-cli@^6.9.0 babel-preset-es2015@^6.9.0 babel-preset-react@^6.5.0 babel-preset-stage-0@^6.5.0 babel-relay-plugin@^0.9.0 babel-relay-plugin-loader@^0.8.1 nodemon@^1.9.2 react@^15.1.0 react-dom@^15.1.0 react-relay@^0.9.0 react-router@^2.4.1 react-router-relay@^0.13.2 babel-loader@^6.2.4 bcrypt-as-promised@^1.1.0 cors@^2.7.1 express@^4.13.4 gestalt-server@file:../.. require-all@^2.0.0 webpack@^1.13.1 webpack-dev-middleware@^1.6.1 gestalt@^0.0.1
    npm ERR! Darwin 15.4.0
    npm ERR! argv "/usr/local/opt/nvm/versions/node/v5.0.0/bin/node" "/usr/local/opt/nvm/versions/node/v5.0.0/bin/npm" "install" "babel-cli@^6.9.0" "babel-preset-es2015@^6.9.0" "babel-preset-react@^6.5.0" "babel-preset-stage-0@^6.5.0" "babel-relay-plugin@^0.9.0" "babel-relay-plugin-loader@^0.8.1" "nodemon@^1.9.2" "react@^15.1.0" "react-dom@^15.1.0" "react-relay@^0.9.0" "react-router@^2.4.1" "react-router-relay@^0.13.2" "babel-loader@^6.2.4" "bcrypt-as-promised@^1.1.0" "cors@^2.7.1" "express@^4.13.4" "gestalt-server@file:../.." "require-all@^2.0.0" "webpack@^1.13.1" "webpack-dev-middleware@^1.6.1" "gestalt@^0.0.1"
    npm ERR! node v5.0.0
    npm ERR! npm  v3.3.6
    
    npm ERR! No compatible version found: gestalt@^0.0.1
    npm ERR! Valid install targets:
    npm ERR! ["0.1.0","0.0.9","0.0.8","0.0.8-1","0.0.7","0.0.6","0.0.5","0.0.4","0.0.4-4","0.0.4-2","0.0.4-1"]
    npm ERR! 
    npm ERR! 
    npm ERR! If you need help, you may report this error at:
    npm ERR!     <https://github.com/npm/npm/issues>
    
    npm ERR! Please include the following file with any support request:
    npm ERR!     /Users/charlieschwabacher/Code/gestalt/packages/example-blogs/npm-debug.log
    
        at ChildProcess.exithandler (child_process.js:203:12)
        at emitTwo (events.js:87:13)
        at ChildProcess.emit (events.js:172:7)
        at maybeClose (internal/child_process.js:818:16)
        at Socket.<anonymous> (internal/child_process.js:319:11)
        at emitOne (events.js:77:13)
        at Socket.emit (events.js:169:7)
        at Pipe._onclose (net.js:469:12)
